2025-11-15 20:29:01,525 [INFO] Initial session state
2025-11-15 20:29:01,526 [INFO] Session created: research-20251116T042901Z-28b7
2025-11-15 20:29:01,528 [INFO] setup with ci blocker
2025-11-15 20:29:14,840 [INFO] Queue entry f7486875-629e-4f7b-a59d-8abc7e57017d registered for alert
2025-11-15 20:29:14,840 [INFO] Lock acquired for alert
2025-11-15 20:29:14,841 [INFO] Signal ci-1 closed
2025-11-15 20:29:14,843 [INFO] Signal update
2025-11-15 20:29:14,843 [INFO] Lock released for alert
2025-11-15 20:29:14,843 [INFO] Queue entry f7486875-629e-4f7b-a59d-8abc7e57017d removed
2025-11-15 20:29:15,134 [INFO] Status command executed
2025-11-15 20:34:58,902 [INFO] Status command executed
2025-11-15 20:35:08,583 [INFO] Queue entry 096b4477-c8a3-4d08-b812-f7bad30a378b registered for alert
2025-11-15 20:35:08,584 [INFO] Lock acquired for alert
2025-11-15 20:35:08,585 [INFO] Signal ci-1 closed
2025-11-15 20:35:08,587 [INFO] Signal update
2025-11-15 20:35:08,587 [INFO] Lock released for alert
2025-11-15 20:35:08,587 [INFO] Queue entry 096b4477-c8a3-4d08-b812-f7bad30a378b removed
2025-11-15 20:35:08,887 [INFO] Status command executed
2025-11-15 20:48:37,762 [INFO] Status command executed
2025-11-15 20:49:05,112 [INFO] Status command executed
2025-11-15 20:49:12,415 [INFO] Queue entry c90dda0d-0263-4c2c-bbe5-bc928a3c7796 registered for alert
2025-11-15 20:49:12,417 [INFO] Lock acquired for alert
2025-11-15 20:49:12,418 [INFO] Signal ci-blocker-lab opened (blocker)
2025-11-15 20:49:12,421 [INFO] Signal update
2025-11-15 20:49:12,421 [INFO] Lock released for alert
2025-11-15 20:49:12,422 [INFO] Queue entry c90dda0d-0263-4c2c-bbe5-bc928a3c7796 removed
2025-11-15 20:49:16,227 [INFO] Status command executed
2025-11-15 20:49:27,243 [INFO] Queue entry 7c9c1886-9039-41c7-a53d-8079f9178919 registered for alert
2025-11-15 20:49:27,244 [INFO] Lock acquired for alert
2025-11-15 20:49:27,245 [INFO] Signal ci-blocker-lab closed
2025-11-15 20:49:27,247 [INFO] Signal update
2025-11-15 20:49:27,248 [INFO] Lock released for alert
2025-11-15 20:49:27,248 [INFO] Queue entry 7c9c1886-9039-41c7-a53d-8079f9178919 removed
2025-11-15 20:49:31,399 [INFO] Status command executed
2025-11-15 20:49:46,798 [INFO] Queue entry 456b0a57-5b09-4edc-bd91-9a06d6edc0eb registered for update
2025-11-15 20:49:46,799 [INFO] Lock acquired for update
2025-11-15 20:49:46,802 [INFO] Update command
2025-11-15 20:49:46,802 [INFO] Update applied (add_tasks=2, patches=0)
2025-11-15 20:49:46,803 [INFO] Lock released for update
2025-11-15 20:49:46,803 [INFO] Queue entry 456b0a57-5b09-4edc-bd91-9a06d6edc0eb removed
2025-11-15 20:49:51,852 [INFO] Status command executed
2025-11-15 21:01:46,321 [INFO] Status command executed
2025-11-15 21:03:44,144 [INFO] Status command executed
2025-11-15 21:04:16,715 [INFO] Status command executed
2025-11-16 00:54:44,438 [INFO] Status command executed
2025-11-16 00:55:40,327 [INFO] Queue entry e6ce2e53-77ff-45a9-a2b4-aa18cc31ccec registered for alert
2025-11-16 00:55:40,329 [INFO] Lock acquired for alert
2025-11-16 00:55:40,329 [INFO] Signal ci-blocker-lab closed
2025-11-16 00:55:40,333 [INFO] Signal update
2025-11-16 00:55:40,334 [INFO] Lock released for alert
2025-11-16 00:55:40,334 [INFO] Queue entry e6ce2e53-77ff-45a9-a2b4-aa18cc31ccec removed
2025-11-16 00:55:44,832 [INFO] Status command executed
2025-11-16 00:56:07,440 [INFO] Queue entry 13661b9d-4eac-4e69-bc1d-d85bf745d0b1 registered for update
2025-11-16 00:56:07,441 [INFO] Lock acquired for update
2025-11-16 00:56:07,444 [INFO] Update command
2025-11-16 00:56:07,444 [INFO] Update applied (add_tasks=0, patches=1)
2025-11-16 00:56:07,445 [INFO] Lock released for update
2025-11-16 00:56:07,446 [INFO] Queue entry 13661b9d-4eac-4e69-bc1d-d85bf745d0b1 removed
2025-11-16 00:56:11,253 [INFO] Status command executed
