2025-11-16 10:24:56,816 [INFO] Initial session state
2025-11-16 10:24:56,817 [INFO] Session created: v1-6-quality-20251116T182456Z-2357
2025-11-16 10:24:56,819 [INFO] Add session metadata
2025-11-16 10:25:02,539 [INFO] Status command executed
2025-11-16 10:27:58,177 [INFO] Status command executed
2025-11-16 10:28:17,016 [INFO] Status command executed
2025-11-16 10:28:29,307 [INFO] Debug command inspected session
2025-11-16 10:29:40,430 [INFO] Queue entry 24c1f734-ac4c-4c75-af3a-75b41476229b registered for update
2025-11-16 10:29:40,431 [INFO] Lock acquired for update
2025-11-16 10:29:40,435 [INFO] Update command
2025-11-16 10:29:40,435 [INFO] Update applied (add_tasks=5, patches=0)
2025-11-16 10:29:40,435 [INFO] Lock released for update
2025-11-16 10:29:40,435 [INFO] Queue entry 24c1f734-ac4c-4c75-af3a-75b41476229b removed
2025-11-16 10:29:50,443 [INFO] Status command executed
2025-11-16 10:30:05,093 [INFO] Queue entry 2601055a-49eb-4ee5-b502-355486f4b178 registered for update
2025-11-16 10:30:05,094 [INFO] Lock acquired for update
2025-11-16 10:30:05,098 [INFO] Update command
2025-11-16 10:30:05,098 [INFO] Update applied (add_tasks=0, patches=1)
2025-11-16 10:30:05,098 [INFO] Lock released for update
2025-11-16 10:30:05,098 [INFO] Queue entry 2601055a-49eb-4ee5-b502-355486f4b178 removed
